<?xml version="1.0" encoding="UTF-8"?>
<!-- Generated by org.testng.reporters.JUnitReportReporter -->
<testsuite hostname="Alifs-MacBook-Air.local" failures="0" tests="3" name="DemoRestAIO" time="4.807" errors="0" timestamp="2023-02-06T10:30:23 MYT" skipped="0">
  <testcase classname="DemoRestAIO" name="getProfile" time="1.855"/>
  <system-out/>
  <testcase classname="DemoRestAIO" name="login" time="2.181"/>
  <system-out/>
  <testcase classname="DemoRestAIO" name="verifyPin" time="0.771"/>
  <system-out/>
</testsuite> <!-- DemoRestAIO -->
